<?xml version="1.0" encoding="UTF-8"?>
<!-- Generated by org.testng.reporters.JUnitReportReporter -->
<testsuite hostname="DESKTOP-4T7HNED" failures="0" tests="1" name="com.practice.CaptureSc" time="139.538" errors="0" timestamp="2023-11-14T19:57:35 IST" skipped="0">
  <testcase classname="com.practice.CaptureSc" name="Screensht" time="139.538"/>
  <system-out/>
</testsuite> <!-- com.practice.CaptureSc -->
