<?xml version="1.0" encoding="UTF-8"?>
<!-- Generated by org.testng.reporters.JUnitReportReporter -->
<testsuite hostname="DESKTOP-4T7HNED" failures="0" tests="1" name="com.collections.lists.buttons.omayo" time="11.396" errors="0" timestamp="2023-09-23T04:39:13 IST" skipped="0">
  <testcase classname="com.collections.lists.buttons.omayo" name="storedropdownlists" time="11.396"/>
  <system-out/>
</testsuite> <!-- com.collections.lists.buttons.omayo -->
