<?xml version="1.0" encoding="UTF-8"?>
<!-- Generated by org.testng.reporters.JUnitReportReporter -->
<testsuite hostname="DESKTOP-4T7HNED" failures="0" tests="1" name="com.MouseHover.Mozilla" time="22.580" errors="0" timestamp="2023-09-15T18:52:26 IST" skipped="0">
  <testcase classname="com.MouseHover.Mozilla" name="testmouserhover" time="22.580"/>
  <system-out/>
</testsuite> <!-- com.MouseHover.Mozilla -->
