<?xml version="1.0" encoding="UTF-8"?>
<!-- Generated by org.testng.reporters.JUnitReportReporter -->
<testsuite hostname="DESKTOP-4T7HNED" failures="0" tests="1" name="com.practice.Action_doubleClick" time="20.528" errors="0" timestamp="2023-11-14T14:51:38 IST" skipped="0">
  <testcase classname="com.practice.Action_doubleClick" name="doubleClick" time="20.528"/>
  <system-out/>
</testsuite> <!-- com.practice.Action_doubleClick -->
