<?xml version="1.0" encoding="UTF-8"?>
<!-- Generated by org.testng.reporters.JUnitReportReporter -->
<testsuite hostname="DESKTOP-4T7HNED" failures="0" tests="1" name="com.extentReports.Google_Reports" time="0.028" errors="0" timestamp="2023-09-23T05:00:27 IST" skipped="0">
  <testcase classname="com.extentReports.Google_Reports" name="validateTitle" time="0.028"/>
  <system-out/>
</testsuite> <!-- com.extentReports.Google_Reports -->
