<?xml version="1.0" encoding="UTF-8"?>
<!-- Generated by org.testng.reporters.JUnitReportReporter -->
<testsuite hostname="DESKTOP-4T7HNED" failures="0" tests="1" name="com.examples.Demosaucelabs" time="23.651" errors="0" timestamp="2023-12-04T20:20:12 IST" skipped="0">
  <testcase classname="com.examples.Demosaucelabs" name="testDemoRemoteWebDriver" time="23.651"/>
  <system-out/>
</testsuite> <!-- com.examples.Demosaucelabs -->
