<?xml version="1.0" encoding="UTF-8"?>
<!-- Generated by org.testng.reporters.JUnitReportReporter -->
<testsuite hostname="DESKTOP-4T7HNED" failures="0" tests="1" name="com.practice.Demo_alerts" time="15.181" errors="0" timestamp="2023-11-15T10:07:34 IST" skipped="0">
  <testcase classname="com.practice.Demo_alerts" name="alerts" time="15.181"/>
  <system-out/>
</testsuite> <!-- com.practice.Demo_alerts -->
