<?xml version="1.0" encoding="UTF-8"?>
<!-- Generated by org.testng.reporters.JUnitReportReporter -->
<testsuite hostname="DESKTOP-4T7HNED" failures="0" tests="1" name="com.practice.AutoSuggestions" time="41.851" errors="0" timestamp="2023-11-19T06:56:50 IST" skipped="0">
  <testcase classname="com.practice.AutoSuggestions" name="as" time="41.851"/>
  <system-out/>
</testsuite> <!-- com.practice.AutoSuggestions -->
