<?xml version="1.0" encoding="UTF-8"?>
<!-- Generated by org.testng.reporters.JUnitReportReporter -->
<testsuite hostname="DESKTOP-4T7HNED" failures="0" tests="1" name="com.locators.DemoCsslocators" time="30.898" errors="0" timestamp="2023-12-02T07:45:49 IST" skipped="0">
  <testcase classname="com.locators.DemoCsslocators" name="demo" time="30.898"/>
  <system-out/>
</testsuite> <!-- com.locators.DemoCsslocators -->
