<?xml version="1.0" encoding="UTF-8"?>
<!-- Generated by org.testng.reporters.JUnitReportReporter -->
<testsuite hostname="DESKTOP-4T7HNED" failures="0" tests="1" name="com.examples.demoBrokenlinks" time="29.873" errors="0" timestamp="2023-11-05T14:42:52 IST" skipped="0">
  <testcase classname="com.examples.demoBrokenlinks" name="brokennlinks" time="29.873"/>
  <system-out/>
</testsuite> <!-- com.examples.demoBrokenlinks -->
