<?xml version="1.0" encoding="UTF-8"?>
<!-- Generated by org.testng.reporters.JUnitReportReporter -->
<testsuite hostname="DESKTOP-4T7HNED" failures="0" tests="1" name="com.brokenlinks.Selenium" time="263.135" errors="0" timestamp="2023-09-18T09:07:58 IST" skipped="0">
  <testcase classname="com.brokenlinks.Selenium" name="brokenlinks" time="263.135"/>
  <system-out/>
</testsuite> <!-- com.brokenlinks.Selenium -->
