<?xml version="1.0" encoding="UTF-8"?>
<!-- Generated by org.testng.reporters.JUnitReportReporter -->
<testsuite hostname="DESKTOP-4T7HNED" failures="0" tests="3" name="com.TestNG.DemoskipTest" time="0.006" errors="0" timestamp="2023-09-17T20:55:09 IST" skipped="3">
  <testcase classname="com.TestNG.DemoskipTest" name="test3" time="0.001">
    <skipped/>
  </testcase> <!-- test3 -->
  <system-out/>
  <testcase classname="com.TestNG.DemoskipTest" name="test2" time="0.005">
    <skipped/>
  </testcase> <!-- test2 -->
  <system-out/>
  <testcase classname="com.TestNG.DemoskipTest" name="test1">
    <skipped/>
  </testcase> <!-- test1 -->
  <system-out/>
</testsuite> <!-- com.TestNG.DemoskipTest -->
